<?xml version="1.0" encoding="UTF-8"?>
<testsuite xmlns:xsi="http://www.w3.org/2001/XMLSchema-instance" xsi:noNamespaceSchemaLocation="https://maven.apache.org/surefire/maven-surefire-plugin/xsd/surefire-test-report.xsd" name="models.RoleTest" time="0.008" tests="2" errors="0" skipped="0" failures="0">
  <properties>
    <property name="sun.desktop" value="windows"/>
    <property name="awt.toolkit" value="sun.awt.windows.WToolkit"/>
    <property name="file.encoding.pkg" value="sun.io"/>
    <property name="java.specification.version" value="1.8"/>
    <property name="sun.cpu.isalist" value="amd64"/>
    <property name="sun.jnu.encoding" value="Cp1252"/>
    <property name="java.class.path" value="D:\Documenten\Github\kwetter\target\test-classes;D:\Documenten\Github\kwetter\target\classes;C:\Users\Ken\.m2\repository\org\junit\jupiter\junit-jupiter-engine\5.3.1\junit-jupiter-engine-5.3.1.jar;C:\Users\Ken\.m2\repository\org\apiguardian\apiguardian-api\1.0.0\apiguardian-api-1.0.0.jar;C:\Users\Ken\.m2\repository\org\junit\platform\junit-platform-engine\1.3.1\junit-platform-engine-1.3.1.jar;C:\Users\Ken\.m2\repository\org\junit\platform\junit-platform-commons\1.3.1\junit-platform-commons-1.3.1.jar;C:\Users\Ken\.m2\repository\org\opentest4j\opentest4j\1.1.1\opentest4j-1.1.1.jar;C:\Users\Ken\.m2\repository\org\junit\jupiter\junit-jupiter-api\5.3.1\junit-jupiter-api-5.3.1.jar;"/>
    <property name="java.vm.vendor" value="JetBrains s.r.o"/>
    <property name="sun.arch.data.model" value="64"/>
    <property name="user.variant" value=""/>
    <property name="java.vendor.url" value="https://www.jetbrains.com/"/>
    <property name="user.timezone" value="Europe/Berlin"/>
    <property name="java.vm.specification.version" value="1.8"/>
    <property name="os.name" value="Windows 10"/>
    <property name="user.country" value="NL"/>
    <property name="sun.java.launcher" value="SUN_STANDARD"/>
    <property name="sun.boot.library.path" value="C:\Users\Ken\.IntelliJIdea2018.3\config\jdks\jbsdk8u112b287.2_windows_x64\jre\bin"/>
    <property name="sun.java.command" value="C:\Users\Ken\AppData\Local\Temp\surefire4922218923038155200\surefirebooter1657374786925659351.jar C:\Users\Ken\AppData\Local\Temp\surefire4922218923038155200 2019-02-13T12-54-51_080-jvmRun1 surefire3820541303414658321tmp surefire_07489167241910606595tmp"/>
    <property name="surefire.test.class.path" value="D:\Documenten\Github\kwetter\target\test-classes;D:\Documenten\Github\kwetter\target\classes;C:\Users\Ken\.m2\repository\org\junit\jupiter\junit-jupiter-engine\5.3.1\junit-jupiter-engine-5.3.1.jar;C:\Users\Ken\.m2\repository\org\apiguardian\apiguardian-api\1.0.0\apiguardian-api-1.0.0.jar;C:\Users\Ken\.m2\repository\org\junit\platform\junit-platform-engine\1.3.1\junit-platform-engine-1.3.1.jar;C:\Users\Ken\.m2\repository\org\junit\platform\junit-platform-commons\1.3.1\junit-platform-commons-1.3.1.jar;C:\Users\Ken\.m2\repository\org\opentest4j\opentest4j\1.1.1\opentest4j-1.1.1.jar;C:\Users\Ken\.m2\repository\org\junit\jupiter\junit-jupiter-api\5.3.1\junit-jupiter-api-5.3.1.jar;"/>
    <property name="sun.cpu.endian" value="little"/>
    <property name="user.home" value="C:\Users\Ken"/>
    <property name="user.language" value="nl"/>
    <property name="java.specification.vendor" value="Oracle Corporation"/>
    <property name="java.home" value="C:\Users\Ken\.IntelliJIdea2018.3\config\jdks\jbsdk8u112b287.2_windows_x64\jre"/>
    <property name="basedir" value="D:\Documenten\Github\kwetter"/>
    <property name="file.separator" value="\"/>
    <property name="line.separator" value="&#10;"/>
    <property name="java.vm.specification.vendor" value="Oracle Corporation"/>
    <property name="java.specification.name" value="Java Platform API Specification"/>
    <property name="java.awt.graphicsenv" value="sun.awt.Win32GraphicsEnvironment"/>
    <property name="surefire.real.class.path" value="C:\Users\Ken\AppData\Local\Temp\surefire4922218923038155200\surefirebooter1657374786925659351.jar"/>
    <property name="sun.boot.class.path" value="C:\Users\Ken\.IntelliJIdea2018.3\config\jdks\jbsdk8u112b287.2_windows_x64\jre\lib\resources.jar;C:\Users\Ken\.IntelliJIdea2018.3\config\jdks\jbsdk8u112b287.2_windows_x64\jre\lib\rt.jar;C:\Users\Ken\.IntelliJIdea2018.3\config\jdks\jbsdk8u112b287.2_windows_x64\jre\lib\sunrsasign.jar;C:\Users\Ken\.IntelliJIdea2018.3\config\jdks\jbsdk8u112b287.2_windows_x64\jre\lib\jsse.jar;C:\Users\Ken\.IntelliJIdea2018.3\config\jdks\jbsdk8u112b287.2_windows_x64\jre\lib\jce.jar;C:\Users\Ken\.IntelliJIdea2018.3\config\jdks\jbsdk8u112b287.2_windows_x64\jre\lib\charsets.jar;C:\Users\Ken\.IntelliJIdea2018.3\config\jdks\jbsdk8u112b287.2_windows_x64\jre\lib\jfr.jar;C:\Users\Ken\.IntelliJIdea2018.3\config\jdks\jbsdk8u112b287.2_windows_x64\jre\classes"/>
    <property name="user.script" value=""/>
    <property name="sun.management.compiler" value="HotSpot 64-Bit Tiered Compilers"/>
    <property name="java.runtime.version" value="1.8.0_112-release-287-b2"/>
    <property name="user.name" value="Ken"/>
    <property name="path.separator" value=";"/>
    <property name="os.version" value="10.0"/>
    <property name="java.endorsed.dirs" value="C:\Users\Ken\.IntelliJIdea2018.3\config\jdks\jbsdk8u112b287.2_windows_x64\jre\lib\endorsed"/>
    <property name="java.runtime.name" value="OpenJDK Runtime Environment"/>
    <property name="file.encoding" value="Cp1252"/>
    <property name="java.vm.name" value="OpenJDK 64-Bit Server VM"/>
    <property name="localRepository" value="C:\Users\Ken\.m2\repository"/>
    <property name="java.vendor.url.bug" value="https://youtrack.jetbrains.com"/>
    <property name="java.io.tmpdir" value="C:\Users\Ken\AppData\Local\Temp\"/>
    <property name="idea.version" value="2018.3.4"/>
    <property name="java.version" value="1.8.0_112-release"/>
    <property name="user.dir" value="D:\Documenten\Github\kwetter"/>
    <property name="os.arch" value="amd64"/>
    <property name="java.vm.specification.name" value="Java Virtual Machine Specification"/>
    <property name="java.awt.printerjob" value="sun.awt.windows.WPrinterJob"/>
    <property name="sun.os.patch.level" value=""/>
    <property name="java.library.path" value="C:\Users\Ken\.IntelliJIdea2018.3\config\jdks\jbsdk8u112b287.2_windows_x64\jre\bin;C:\WINDOWS\Sun\Java\bin;C:\WINDOWS\system32;C:\WINDOWS;C:\Program Files (x86)\Common Files\Oracle\Java\javapath;C:\Program Files (x86)\Intel\iCLS Client\;C:\ProgramData\Oracle\Java\javapath;C:\Program Files\Intel\iCLS Client\;C:\windows\system32;C:\windows;C:\windows\System32\Wbem;C:\windows\System32\WindowsPowerShell\v1.0\;C:\Program Files (x86)\NVIDIA Corporation\PhysX\Common;C:\Program Files (x86)\sbt\bin;C:\WINDOWS\system32;C:\WINDOWS;C:\WINDOWS\System32\Wbem;C:\WINDOWS\System32\WindowsPowerShell\v1.0\;C:\Program Files\Git\cmd;C:\Program Files (x86)\Intel\Intel(R) Management Engine Components\DAL;C:\Program Files\Intel\Intel(R) Management Engine Components\DAL;C:\Program Files (x86)\Intel\Intel(R) Management Engine Components\IPT;C:\Program Files\Intel\Intel(R) Management Engine Components\IPT;C:\WINDOWS\System32\OpenSSH\;C:\Program Files\Intel\WiFi\bin\;C:\Program Files\Common Files\Intel\WirelessCommon\;C:\Users\Ken\AppData\Local\Microsoft\WindowsApps;C:\Users\Ken\AppData\Local\GitHubDesktop\bin;%USERPROFILE%\AppData\Local\Microsoft\WindowsApps;;."/>
    <property name="java.vm.info" value="mixed mode"/>
    <property name="java.vendor" value="JetBrains s.r.o"/>
    <property name="java.vm.version" value="25.112-b2"/>
    <property name="java.ext.dirs" value="C:\Users\Ken\.IntelliJIdea2018.3\config\jdks\jbsdk8u112b287.2_windows_x64\jre\lib\ext;C:\WINDOWS\Sun\Java\lib\ext"/>
    <property name="sun.io.unicode.encoding" value="UnicodeLittle"/>
    <property name="java.class.version" value="52.0"/>
  </properties>
  <testcase name="addRole" classname="models.RoleTest" time="0.004"/>
  <testcase name="removeRole" classname="models.RoleTest" time="0"/>
</testsuite>